# JRE version: OpenJDK Runtime Environment Temurin-21.0.3+9 (21.0.3+9) (build 21.0.3+9-LTS)
# Java VM: OpenJDK 64-Bit Server VM Temurin-21.0.3+9 (21.0.3+9-LTS, mixed mode, emulated-client, tiered, compressed oops, compressed class ptrs, g1 gc, windows-amd64)
GC Precious Log:
 CardTable entry size: 512
 Card Set container configuration: InlinePtr #cards 5 size 8 Array Of Cards #cards 12 size 40 Howl #buckets 4 coarsen threshold 1843 Howl Bitmap #cards 512 size 80 coarsen threshold 460 Card regions per heap region 1 cards per card region 2048
 CPUs: 8 total, 8 available
 Memory: 8035M
 Large Page Support: Disabled
 NUMA Support: Disabled
 Compressed Oops: Enabled (32-bit)
 Heap Region Size: 1M
 Heap Min Capacity: 8M
 Heap Initial Capacity: 126M
 Heap Max Capacity: 2010M
 Pre-touch: Disabled
 Parallel Workers: 8
 Concurrent Workers: 2
 Concurrent Refinement Workers: 8
 Periodic GC: Disabled
Heap:
 garbage-first heap   total 61440K, used 51791K [0x0000000082600000, 0x0000000100000000)
  region size 1024K, 33 young (33792K), 3 survivors (3072K)
 Metaspace       used 56695K, committed 57280K, reserved 1114112K
  class space    used 7178K, committed 7424K, reserved 1048576K
GC Heap History (20 events):
Event: 405.797 GC heap after
{Heap after GC invocations=25 (full 2):
 garbage-first heap   total 61440K, used 22360K [0x0000000082600000, 0x0000000100000000)
  region size 1024K, 4 young (4096K), 4 survivors (4096K)
 Metaspace       used 55745K, committed 56448K, reserved 1114112K
  class space    used 7049K, committed 7360K, reserved 1048576K
}
Event: 450.102 GC heap before
{Heap before GC invocations=25 (full 2):
 garbage-first heap   total 61440K, used 33624K [0x0000000082600000, 0x0000000100000000)
  region size 1024K, 16 young (16384K), 4 survivors (4096K)
 Metaspace       used 55830K, committed 56448K, reserved 1114112K
  class space    used 7057K, committed 7360K, reserved 1048576K
}
Event: 450.146 GC heap after
{Heap after GC invocations=26 (full 3):
 garbage-first heap   total 61440K, used 18252K [0x0000000082600000, 0x0000000100000000)
  region size 1024K, 0 young (0K), 0 survivors (0K)
 Metaspace       used 55707K, committed 56448K, reserved 1114112K
  class space    used 7024K, committed 7360K, reserved 1048576K
}
Event: 451.043 GC heap before
{Heap before GC invocations=26 (full 3):
 garbage-first heap   total 61440K, used 51020K [0x0000000082600000, 0x0000000100000000)
  region size 1024K, 32 young (32768K), 0 survivors (0K)
 Metaspace       used 55806K, committed 56512K, reserved 1114112K
  class space    used 7038K, committed 7360K, reserved 1048576K
}
Event: 451.047 GC heap after
{Heap after GC invocations=27 (full 3):
 garbage-first heap   total 61440K, used 21649K [0x0000000082600000, 0x0000000100000000)
  region size 1024K, 4 young (4096K), 4 survivors (4096K)
 Metaspace       used 55806K, committed 56512K, reserved 1114112K
  class space    used 7038K, committed 7360K, reserved 1048576K
}
Event: 482.083 GC heap before
{Heap before GC invocations=27 (full 3):
 garbage-first heap   total 61440K, used 31889K [0x0000000082600000, 0x0000000100000000)
  region size 1024K, 15 young (15360K), 4 survivors (4096K)
 Metaspace       used 55892K, committed 56576K, reserved 1114112K
  class space    used 7045K, committed 7360K, reserved 1048576K
}
Event: 482.125 GC heap after
{Heap after GC invocations=28 (full 4):
 garbage-first heap   total 61440K, used 18341K [0x0000000082600000, 0x0000000100000000)
  region size 1024K, 0 young (0K), 0 survivors (0K)
 Metaspace       used 55885K, committed 56576K, reserved 1114112K
  class space    used 7044K, committed 7360K, reserved 1048576K
}
Event: 482.787 GC heap before
{Heap before GC invocations=28 (full 4):
 garbage-first heap   total 61440K, used 51109K [0x0000000082600000, 0x0000000100000000)
  region size 1024K, 32 young (32768K), 0 survivors (0K)
 Metaspace       used 55982K, committed 56640K, reserved 1114112K
  class space    used 7056K, committed 7360K, reserved 1048576K
}
Event: 482.792 GC heap after
{Heap after GC invocations=29 (full 4):
 garbage-first heap   total 61440K, used 21646K [0x0000000082600000, 0x0000000100000000)
  region size 1024K, 4 young (4096K), 4 survivors (4096K)
 Metaspace       used 55982K, committed 56640K, reserved 1114112K
  class space    used 7056K, committed 7360K, reserved 1048576K
}
Event: 874.570 GC heap before
{Heap before GC invocations=29 (full 4):
 garbage-first heap   total 61440K, used 46222K [0x0000000082600000, 0x0000000100000000)
  region size 1024K, 29 young (29696K), 4 survivors (4096K)
 Metaspace       used 56184K, committed 56768K, reserved 1114112K
  class space    used 7089K, committed 7360K, reserved 1048576K
}
Event: 874.623 GC heap after
{Heap after GC invocations=30 (full 5):
 garbage-first heap   total 61440K, used 18560K [0x0000000082600000, 0x0000000100000000)
  region size 1024K, 0 young (0K), 0 survivors (0K)
 Metaspace       used 56136K, committed 56768K, reserved 1114112K
  class space    used 7079K, committed 7360K, reserved 1048576K
}
Event: 875.597 GC heap before
{Heap before GC invocations=30 (full 5):
 garbage-first heap   total 61440K, used 51328K [0x0000000082600000, 0x0000000100000000)
  region size 1024K, 32 young (32768K), 0 survivors (0K)
 Metaspace       used 56234K, committed 56832K, reserved 1114112K
  class space    used 7092K, committed 7360K, reserved 1048576K
}
Event: 875.603 GC heap after
{Heap after GC invocations=31 (full 5):
 garbage-first heap   total 61440K, used 21938K [0x0000000082600000, 0x0000000100000000)
  region size 1024K, 4 young (4096K), 4 survivors (4096K)
 Metaspace       used 56234K, committed 56832K, reserved 1114112K
  class space    used 7092K, committed 7360K, reserved 1048576K
}
Event: 896.712 GC heap before
{Heap before GC invocations=31 (full 5):
 garbage-first heap   total 61440K, used 32178K [0x0000000082600000, 0x0000000100000000)
  region size 1024K, 15 young (15360K), 4 survivors (4096K)
 Metaspace       used 56313K, committed 56896K, reserved 1114112K
  class space    used 7097K, committed 7360K, reserved 1048576K
}
Event: 896.755 GC heap after
{Heap after GC invocations=32 (full 6):
 garbage-first heap   total 61440K, used 18519K [0x0000000082600000, 0x0000000100000000)
  region size 1024K, 0 young (0K), 0 survivors (0K)
 Metaspace       used 56260K, committed 56896K, reserved 1114112K
  class space    used 7088K, committed 7360K, reserved 1048576K
}
Event: 942.898 GC heap before
{Heap before GC invocations=32 (full 6):
 garbage-first heap   total 61440K, used 51287K [0x0000000082600000, 0x0000000100000000)
  region size 1024K, 32 young (32768K), 0 survivors (0K)
 Metaspace       used 56570K, committed 57216K, reserved 1114112K
  class space    used 7156K, committed 7424K, reserved 1048576K
}
Event: 942.906 GC heap after
{Heap after GC invocations=33 (full 6):
 garbage-first heap   total 61440K, used 21179K [0x0000000082600000, 0x0000000100000000)
  region size 1024K, 3 young (3072K), 3 survivors (3072K)
 Metaspace       used 56570K, committed 57216K, reserved 1114112K
  class space    used 7156K, committed 7424K, reserved 1048576K
}
Event: 1003.160 GC heap before
{Heap before GC invocations=33 (full 6):
 garbage-first heap   total 61440K, used 51899K [0x0000000082600000, 0x0000000100000000)
  region size 1024K, 33 young (33792K), 3 survivors (3072K)
 Metaspace       used 56639K, committed 57280K, reserved 1114112K
  class space    used 7168K, committed 7424K, reserved 1048576K
}
Event: 1003.168 GC heap after
{Heap after GC invocations=34 (full 6):
 garbage-first heap   total 61440K, used 21071K [0x0000000082600000, 0x0000000100000000)
  region size 1024K, 3 young (3072K), 3 survivors (3072K)
 Metaspace       used 56639K, committed 57280K, reserved 1114112K
  class space    used 7168K, committed 7424K, reserved 1048576K
}
Event: 1047.658 GC heap before
{Heap before GC invocations=34 (full 6):
 garbage-first heap   total 61440K, used 51791K [0x0000000082600000, 0x0000000100000000)
  region size 1024K, 33 young (33792K), 3 survivors (3072K)
 Metaspace       used 56695K, committed 57280K, reserved 1114112K
  class space    used 7178K, committed 7424K, reserved 1048576K
}

